{
  "stats": {
    "suites": 12,
    "tests": 41,
    "passes": 23,
    "pending": 0,
    "failures": 18,
    "start": "2021-07-12T01:53:00.002Z",
    "end": "2021-07-12T01:54:57.915Z",
    "duration": 117913,
    "testsRegistered": 41,
    "passPercent": 56.09756097560976,
    "pendingPercent": 0,
    "other": 0,
    "hasOther": false,
    "skipped": 0,
    "hasSkipped": false
  },
  "results": [
    {
      "uuid": "a6124fba-06fc-4257-845a-8ad941b59f7a",
      "title": "",
      "fullFile": "cypress/integration/project.spec.js",
      "file": "cypress/integration/project.spec.js",
      "beforeHooks": [],
      "afterHooks": [],
      "tests": [],
      "suites": [
        {
          "uuid": "c29cc998-4221-41c7-a5b6-5f5e097ea448",
          "title": "1 - Adicione à página o título \"Paleta de Cores\".",
          "fullFile": "",
          "file": "",
          "beforeHooks": [],
          "afterHooks": [],
          "tests": [
            {
              "title": "Verifica se contém um elemento `h1` com o id `title` com o título correto",
              "fullTitle": "1 - Adicione à página o título \"Paleta de Cores\". Verifica se contém um elemento `h1` com o id `title` com o título correto",
              "timedOut": null,
              "duration": 415,
              "state": "passed",
              "speed": "slow",
              "pass": true,
              "fail": false,
              "pending": false,
              "context": null,
              "code": "cy.get('h1#title').should('contain.text', 'Paleta de Cores');",
              "err": {},
              "uuid": "a3ec84b8-46a9-43a7-ad90-21bf21a0ba00",
              "parentUUID": "c29cc998-4221-41c7-a5b6-5f5e097ea448",
              "isHook": false,
              "skipped": false
            }
          ],
          "suites": [],
          "passes": [
            "a3ec84b8-46a9-43a7-ad90-21bf21a0ba00"
          ],
          "failures": [],
          "pending": [],
          "skipped": [],
          "duration": 415,
          "root": false,
          "rootEmpty": false,
          "_timeout": 2000
        },
        {
          "uuid": "f929ee24-05c7-4711-abcc-0c7fefae7137",
          "title": "2 - Adicione à página uma paleta de quatro cores distintas.",
          "fullFile": "",
          "file": "",
          "beforeHooks": [],
          "afterHooks": [],
          "tests": [
            {
              "title": "A paleta de cores deve ser um elemento com `id` denominado `color-palette`",
              "fullTitle": "2 - Adicione à página uma paleta de quatro cores distintas. A paleta de cores deve ser um elemento com `id` denominado `color-palette`",
              "timedOut": null,
              "duration": 435,
              "state": "passed",
              "speed": "slow",
              "pass": true,
              "fail": false,
              "pending": false,
              "context": null,
              "code": "cy.get('#color-palette').should('be.visible');",
              "err": {},
              "uuid": "4771998f-24db-4b54-9905-420daf6ca35e",
              "parentUUID": "f929ee24-05c7-4711-abcc-0c7fefae7137",
              "isHook": false,
              "skipped": false
            },
            {
              "title": "Verifica se cada cor individual da paleta de cores possui a `classe` chamada `color`.",
              "fullTitle": "2 - Adicione à página uma paleta de quatro cores distintas. Verifica se cada cor individual da paleta de cores possui a `classe` chamada `color`.",
              "timedOut": null,
              "duration": 327,
              "state": "passed",
              "speed": "slow",
              "pass": true,
              "fail": false,
              "pending": false,
              "context": null,
              "code": "cy.get('.color').should('have.length', 4).then(function (colors) {\n  for (var i = 0; i < colors.length; i++) {\n    cy.wrap(colors[i]).should('be.visible');\n  }\n});",
              "err": {},
              "uuid": "74e3b7de-76b4-4ded-b701-fbc17f7960f6",
              "parentUUID": "f929ee24-05c7-4711-abcc-0c7fefae7137",
              "isHook": false,
              "skipped": false
            },
            {
              "title": "Verifica se a cor de fundo de cada elemento da paleta é a cor que o elemento representa. **A única cor não permitida na paleta é a cor branca.**",
              "fullTitle": "2 - Adicione à página uma paleta de quatro cores distintas. Verifica se a cor de fundo de cada elemento da paleta é a cor que o elemento representa. **A única cor não permitida na paleta é a cor branca.**",
              "timedOut": null,
              "duration": 351,
              "state": "passed",
              "speed": "slow",
              "pass": true,
              "fail": false,
              "pending": false,
              "context": null,
              "code": "cy.get('.color').each(function (color) {\n  cy.wrap(color).should('have.class', 'color').and('not.have.css', 'background-color', WHITE);\n  cy.wrap(color).should('have.css', 'background-color');\n});",
              "err": {},
              "uuid": "850e30c2-ba78-4d02-85ed-89b1164302b8",
              "parentUUID": "f929ee24-05c7-4711-abcc-0c7fefae7137",
              "isHook": false,
              "skipped": false
            },
            {
              "title": "Verifica se cada elemento da paleta de cores tem uma borda preta, sólida e com 1 pixel de largura;",
              "fullTitle": "2 - Adicione à página uma paleta de quatro cores distintas. Verifica se cada elemento da paleta de cores tem uma borda preta, sólida e com 1 pixel de largura;",
              "timedOut": null,
              "duration": 297,
              "state": "passed",
              "speed": "slow",
              "pass": true,
              "fail": false,
              "pending": false,
              "context": null,
              "code": "cy.get('.color').each(function (color) {\n  cy.wrap(color).and('have.css', 'border', \"1px solid \".concat(BLACK)).and('have.class', 'color');\n});",
              "err": {},
              "uuid": "50509823-8df7-4171-be71-e2f574338e90",
              "parentUUID": "f929ee24-05c7-4711-abcc-0c7fefae7137",
              "isHook": false,
              "skipped": false
            },
            {
              "title": "Verifica se a paleta lista todas as cores disponíveis para utilização, lado a lado.",
              "fullTitle": "2 - Adicione à página uma paleta de quatro cores distintas. Verifica se a paleta lista todas as cores disponíveis para utilização, lado a lado.",
              "timedOut": null,
              "duration": 259,
              "state": "passed",
              "speed": "slow",
              "pass": true,
              "fail": false,
              "pending": false,
              "context": null,
              "code": "cy.get('.color').then(function (colors) {\n  for (var index = 1; index < colors.length; index += 1) {\n    var currentColor = colors[index];\n    var previousColor = colors[index - 1];\n    cy.wrap(currentColor).should('be.onTheRightOf', previousColor).and('be.horizontallyAlignedWith', previousColor);\n  }\n});",
              "err": {},
              "uuid": "5a3b5378-f986-403e-89c1-7fa1d5192262",
              "parentUUID": "f929ee24-05c7-4711-abcc-0c7fefae7137",
              "isHook": false,
              "skipped": false
            },
            {
              "title": "Verifica se a paleta de cores está posicionada abaixo do título 'Paleta de Cores'",
              "fullTitle": "2 - Adicione à página uma paleta de quatro cores distintas. Verifica se a paleta de cores está posicionada abaixo do título 'Paleta de Cores'",
              "timedOut": null,
              "duration": 189,
              "state": "passed",
              "speed": "slow",
              "pass": true,
              "fail": false,
              "pending": false,
              "context": null,
              "code": "cy.get('h1#title').then(function (title) {\n  cy.get('#color-palette').should('be.belowOf', title);\n});",
              "err": {},
              "uuid": "00acaef1-8ea4-4514-b956-72f804554341",
              "parentUUID": "f929ee24-05c7-4711-abcc-0c7fefae7137",
              "isHook": false,
              "skipped": false
            },
            {
              "title": "Verifica se a paleta de cores não contém cores repetidas.",
              "fullTitle": "2 - Adicione à página uma paleta de quatro cores distintas. Verifica se a paleta de cores não contém cores repetidas.",
              "timedOut": null,
              "duration": 219,
              "state": "passed",
              "speed": "slow",
              "pass": true,
              "fail": false,
              "pending": false,
              "context": null,
              "code": "cy.get('.color').then(function (colors) {\n  var allColors = Array.from(colors).map(function (color) {\n    return Cypress.$(color).css('background-color');\n  });\n  cy.log(allColors);\n  var uniqColors = (0, _toConsumableArray2[\"default\"])(new Set(allColors));\n  cy.log(uniqColors);\n  expect(allColors.length).to.eq(uniqColors.length);\n});",
              "err": {},
              "uuid": "34166f6c-3245-44db-bd2d-634022c88ca6",
              "parentUUID": "f929ee24-05c7-4711-abcc-0c7fefae7137",
              "isHook": false,
              "skipped": false
            }
          ],
          "suites": [],
          "passes": [
            "4771998f-24db-4b54-9905-420daf6ca35e",
            "74e3b7de-76b4-4ded-b701-fbc17f7960f6",
            "850e30c2-ba78-4d02-85ed-89b1164302b8",
            "50509823-8df7-4171-be71-e2f574338e90",
            "5a3b5378-f986-403e-89c1-7fa1d5192262",
            "00acaef1-8ea4-4514-b956-72f804554341",
            "34166f6c-3245-44db-bd2d-634022c88ca6"
          ],
          "failures": [],
          "pending": [],
          "skipped": [],
          "duration": 2077,
          "root": false,
          "rootEmpty": false,
          "_timeout": 2000
        },
        {
          "uuid": "c49fb132-40de-4c7d-aec2-b0a8f3823d93",
          "title": "3 - Adicione a cor **preta** como a primeira cor da paleta de cores.",
          "fullFile": "",
          "file": "",
          "beforeHooks": [],
          "afterHooks": [],
          "tests": [
            {
              "title": "Verifica se a primeira cor da paleta é preta",
              "fullTitle": "3 - Adicione a cor **preta** como a primeira cor da paleta de cores. Verifica se a primeira cor da paleta é preta",
              "timedOut": null,
              "duration": 290,
              "state": "passed",
              "speed": "slow",
              "pass": true,
              "fail": false,
              "pending": false,
              "context": null,
              "code": "cy.get('.color').first().should('have.css', 'background-color', BLACK);",
              "err": {},
              "uuid": "87c8c525-01fb-409c-bfd4-6135f0862a33",
              "parentUUID": "c49fb132-40de-4c7d-aec2-b0a8f3823d93",
              "isHook": false,
              "skipped": false
            },
            {
              "title": "Verifica se as demais cores podem ser escolhidas livremente.",
              "fullTitle": "3 - Adicione a cor **preta** como a primeira cor da paleta de cores. Verifica se as demais cores podem ser escolhidas livremente.",
              "timedOut": null,
              "duration": 464,
              "state": "passed",
              "speed": "slow",
              "pass": true,
              "fail": false,
              "pending": false,
              "context": null,
              "code": "cy.get('.color').eq(1).should('not.have.css', 'background-color', BLACK);\ncy.get('.color').eq(1).should('not.have.css', 'background-color', WHITE);\ncy.get('.color').eq(1).should('not.have.css', 'background-color', 'rgba(0, 0, 0, 0)');\ncy.get('.color').eq(1).should('have.css', 'background-color');\ncy.get('.color').eq(2).should('not.have.css', 'background-color', BLACK);\ncy.get('.color').eq(2).should('not.have.css', 'background-color', WHITE);\ncy.get('.color').eq(2).should('not.have.css', 'background-color', 'rgba(0, 0, 0, 0)');\ncy.get('.color').eq(2).should('have.css', 'background-color');\ncy.get('.color').eq(3).should('not.have.css', 'background-color', BLACK);\ncy.get('.color').eq(3).should('not.have.css', 'background-color', WHITE);\ncy.get('.color').eq(3).should('not.have.css', 'background-color', 'rgba(0, 0, 0, 0)');\ncy.get('.color').eq(3).should('have.css', 'background-color');",
              "err": {},
              "uuid": "ed5c54f6-ba8c-4e9a-97d5-c14bebf75b3e",
              "parentUUID": "c49fb132-40de-4c7d-aec2-b0a8f3823d93",
              "isHook": false,
              "skipped": false
            }
          ],
          "suites": [],
          "passes": [
            "87c8c525-01fb-409c-bfd4-6135f0862a33",
            "ed5c54f6-ba8c-4e9a-97d5-c14bebf75b3e"
          ],
          "failures": [],
          "pending": [],
          "skipped": [],
          "duration": 754,
          "root": false,
          "rootEmpty": false,
          "_timeout": 2000
        },
        {
          "uuid": "e1a19f75-12f9-43f0-b854-580dc07ff83e",
          "title": "4 - Adicione à página um quadro de pixels, com 25 pixels.",
          "fullFile": "",
          "file": "",
          "beforeHooks": [],
          "afterHooks": [],
          "tests": [
            {
              "title": "Verifica se o quadro de pixels possui o `id` denominado `pixel-board`",
              "fullTitle": "4 - Adicione à página um quadro de pixels, com 25 pixels. Verifica se o quadro de pixels possui o `id` denominado `pixel-board`",
              "timedOut": null,
              "duration": 385,
              "state": "passed",
              "speed": "slow",
              "pass": true,
              "fail": false,
              "pending": false,
              "context": null,
              "code": "cy.get('#pixel-board').should('be.visible');",
              "err": {},
              "uuid": "453e7df4-cc66-460e-b07e-643063113366",
              "parentUUID": "e1a19f75-12f9-43f0-b854-580dc07ff83e",
              "isHook": false,
              "skipped": false
            },
            {
              "title": "Verifica se cada pixel individual dentro do quadro possui a `classe` denominada `pixel`.",
              "fullTitle": "4 - Adicione à página um quadro de pixels, com 25 pixels. Verifica se cada pixel individual dentro do quadro possui a `classe` denominada `pixel`.",
              "timedOut": null,
              "duration": 315,
              "state": "passed",
              "speed": "slow",
              "pass": true,
              "fail": false,
              "pending": false,
              "context": null,
              "code": "cy.get('.pixel').should('have.length', 25);",
              "err": {},
              "uuid": "be6c345b-8f02-4e38-a3fa-25f5e2ad0178",
              "parentUUID": "e1a19f75-12f9-43f0-b854-580dc07ff83e",
              "isHook": false,
              "skipped": false
            },
            {
              "title": "Verifica se a cor inicial dos pixels dentro do quadro, ao abrir a página, é branca.",
              "fullTitle": "4 - Adicione à página um quadro de pixels, com 25 pixels. Verifica se a cor inicial dos pixels dentro do quadro, ao abrir a página, é branca.",
              "timedOut": null,
              "duration": 413,
              "state": "passed",
              "speed": "slow",
              "pass": true,
              "fail": false,
              "pending": false,
              "context": null,
              "code": "cy.get('.pixel').should('have.length', 25).each(function (pixel) {\n  expect(pixel).to.have.css('background-color', WHITE);\n});",
              "err": {},
              "uuid": "302c9e27-6885-440e-bbf1-80b9242b00c2",
              "parentUUID": "e1a19f75-12f9-43f0-b854-580dc07ff83e",
              "isHook": false,
              "skipped": false
            },
            {
              "title": "Verifica se o quadro de pixels aparece abaixo da paleta de cores",
              "fullTitle": "4 - Adicione à página um quadro de pixels, com 25 pixels. Verifica se o quadro de pixels aparece abaixo da paleta de cores",
              "timedOut": null,
              "duration": 277,
              "state": "passed",
              "speed": "slow",
              "pass": true,
              "fail": false,
              "pending": false,
              "context": null,
              "code": "cy.get('#color-palette').then(function (palette) {\n  cy.get('#pixel-board').should('be.belowOf', palette);\n});",
              "err": {},
              "uuid": "94765932-1601-48fa-bd75-d4974d5ea9dc",
              "parentUUID": "e1a19f75-12f9-43f0-b854-580dc07ff83e",
              "isHook": false,
              "skipped": false
            }
          ],
          "suites": [],
          "passes": [
            "453e7df4-cc66-460e-b07e-643063113366",
            "be6c345b-8f02-4e38-a3fa-25f5e2ad0178",
            "302c9e27-6885-440e-bbf1-80b9242b00c2",
            "94765932-1601-48fa-bd75-d4974d5ea9dc"
          ],
          "failures": [],
          "pending": [],
          "skipped": [],
          "duration": 1390,
          "root": false,
          "rootEmpty": false,
          "_timeout": 2000
        },
        {
          "uuid": "06377690-360f-477f-a4ad-dc0a2a4fb6eb",
          "title": "5 - Faça com que cada elemento do quadro de pixels possua 40 pixels de largura, 40 pixels de altura e seja delimitado por uma borda preta de 1 pixel.",
          "fullFile": "",
          "file": "",
          "beforeHooks": [],
          "afterHooks": [],
          "tests": [
            {
              "title": "Verifica se o quadro de pixels tem altura e comprimento de 5 elementos",
              "fullTitle": "5 - Faça com que cada elemento do quadro de pixels possua 40 pixels de largura, 40 pixels de altura e seja delimitado por uma borda preta de 1 pixel. Verifica se o quadro de pixels tem altura e comprimento de 5 elementos",
              "timedOut": null,
              "duration": 801,
              "state": "passed",
              "speed": "slow",
              "pass": true,
              "fail": false,
              "pending": false,
              "context": null,
              "code": "cy.get('.pixel').should('have.length', 25).each(function (pixel) {\n  expect(pixel).to.have.css('background-color', WHITE);\n}).and(function (pixels) {\n  var rows = chunk(pixels, 5);\n  rows.forEach(function (row) {\n    for (var index = 1; index < row.length; index += 1) {\n      var current = pixels[index];\n      var previous = pixels[index - 1];\n      cy.wrap(current).should('be.onTheRightOf', previous).and('be.horizontallyAlignedWith', previous);\n    }\n  });\n  for (var index = 1; index < 5; index += 1) {\n    expect(pixels[index * 5]).to.be.belowOf(pixels[(index - 1) * 5]);\n  }\n});",
              "err": {},
              "uuid": "f3d96455-1f4f-4425-8332-f3fc65018e75",
              "parentUUID": "06377690-360f-477f-a4ad-dc0a2a4fb6eb",
              "isHook": false,
              "skipped": false
            },
            {
              "title": "Verifica se 40 pixels é o tamanho total do elemento, incluindo seu conteúdo e excluindo a borda preta, que deve ser criada à parte.",
              "fullTitle": "5 - Faça com que cada elemento do quadro de pixels possua 40 pixels de largura, 40 pixels de altura e seja delimitado por uma borda preta de 1 pixel. Verifica se 40 pixels é o tamanho total do elemento, incluindo seu conteúdo e excluindo a borda preta, que deve ser criada à parte.",
              "timedOut": null,
              "duration": 600,
              "state": "passed",
              "speed": "slow",
              "pass": true,
              "fail": false,
              "pending": false,
              "context": null,
              "code": "cy.get('.pixel').each(function (pixel) {\n  cy.wrap(pixel).should('have.css', 'height', '40px').and('have.css', 'width', '40px').and('have.css', 'border', \"1px solid \".concat(BLACK));\n});",
              "err": {},
              "uuid": "cec00185-58e3-4073-b38b-74ffc38085ff",
              "parentUUID": "06377690-360f-477f-a4ad-dc0a2a4fb6eb",
              "isHook": false,
              "skipped": false
            }
          ],
          "suites": [],
          "passes": [
            "f3d96455-1f4f-4425-8332-f3fc65018e75",
            "cec00185-58e3-4073-b38b-74ffc38085ff"
          ],
          "failures": [],
          "pending": [],
          "skipped": [],
          "duration": 1401,
          "root": false,
          "rootEmpty": false,
          "_timeout": 2000
        },
        {
          "uuid": "0add06a4-8da7-433b-b155-59d6169afbd7",
          "title": "6 - Defina a cor preta como cor inicial. Ao carregar a página a cor preta já deve estar selecionada para pintar os pixels",
          "fullFile": "",
          "file": "",
          "beforeHooks": [],
          "afterHooks": [],
          "tests": [
            {
              "title": "Verifica se o elemento da cor preta possui, inicialmente, a `classe` `selected`",
              "fullTitle": "6 - Defina a cor preta como cor inicial. Ao carregar a página a cor preta já deve estar selecionada para pintar os pixels Verifica se o elemento da cor preta possui, inicialmente, a `classe` `selected`",
              "timedOut": null,
              "duration": 261,
              "state": "passed",
              "speed": "slow",
              "pass": true,
              "fail": false,
              "pending": false,
              "context": null,
              "code": "cy.get('.selected').first().should('have.css', 'background-color', BLACK);",
              "err": {},
              "uuid": "8d3a78b9-e086-4f0e-9155-9705d934480c",
              "parentUUID": "0add06a4-8da7-433b-b155-59d6169afbd7",
              "isHook": false,
              "skipped": false
            },
            {
              "title": "Verifica se nenhuma outra cor da paleta tem a `classe` `selected`",
              "fullTitle": "6 - Defina a cor preta como cor inicial. Ao carregar a página a cor preta já deve estar selecionada para pintar os pixels Verifica se nenhuma outra cor da paleta tem a `classe` `selected`",
              "timedOut": null,
              "duration": 237,
              "state": "passed",
              "speed": "slow",
              "pass": true,
              "fail": false,
              "pending": false,
              "context": null,
              "code": "cy.get('.color:not(:first-child)').each(function (color) {\n  cy.wrap(color).should('not.have.class', 'selected');\n});",
              "err": {},
              "uuid": "e33d9ef9-5aec-4437-8946-f3d91978c6fa",
              "parentUUID": "0add06a4-8da7-433b-b155-59d6169afbd7",
              "isHook": false,
              "skipped": false
            }
          ],
          "suites": [],
          "passes": [
            "8d3a78b9-e086-4f0e-9155-9705d934480c",
            "e33d9ef9-5aec-4437-8946-f3d91978c6fa"
          ],
          "failures": [],
          "pending": [],
          "skipped": [],
          "duration": 498,
          "root": false,
          "rootEmpty": false,
          "_timeout": 2000
        },
        {
          "uuid": "1eb50cef-41df-4abb-978e-da6d5c203b64",
          "title": "7 - Clicar em uma das cores da paleta, faz com que ela seja selecionada e utilizada para preencher os pixels no quadro.",
          "fullFile": "",
          "file": "",
          "beforeHooks": [],
          "afterHooks": [],
          "tests": [
            {
              "title": "Verifica se somente uma cor da paleta de cores tem a classe `selected` de cada vez",
              "fullTitle": "7 - Clicar em uma das cores da paleta, faz com que ela seja selecionada e utilizada para preencher os pixels no quadro. Verifica se somente uma cor da paleta de cores tem a classe `selected` de cada vez",
              "timedOut": null,
              "duration": 706,
              "state": "passed",
              "speed": "slow",
              "pass": true,
              "fail": false,
              "pending": false,
              "context": null,
              "code": "cy.get('.color').each(function (selectedColor, selectedColorIndex) {\n  cy.wrap(selectedColor).click();\n  cy.get('.color').each(function (color, colorIndex) {\n    if (colorIndex === selectedColorIndex) {\n      expect(color).to.have[\"class\"]('selected');\n    } else {\n      expect(color).not.to.have[\"class\"]('selected');\n    }\n  });\n});",
              "err": {},
              "uuid": "b2cab62d-0fec-4688-9e54-870fd1a5c863",
              "parentUUID": "1eb50cef-41df-4abb-978e-da6d5c203b64",
              "isHook": false,
              "skipped": false
            },
            {
              "title": "Verifica se os pixels dentro do quadro não têm a classe `selected` quando são clicados",
              "fullTitle": "7 - Clicar em uma das cores da paleta, faz com que ela seja selecionada e utilizada para preencher os pixels no quadro. Verifica se os pixels dentro do quadro não têm a classe `selected` quando são clicados",
              "timedOut": null,
              "duration": 10420,
              "state": "passed",
              "speed": "slow",
              "pass": true,
              "fail": false,
              "pending": false,
              "context": null,
              "code": "cy.get('.color').each(function (color) {\n  var backgroundColor = color.css('background-color');\n  cy.wrap(color).click();\n  cy.get('.pixel').each(function (pixel) {\n    cy.wrap(pixel).click().should('not.have.class', 'selected');\n  });\n});",
              "err": {},
              "uuid": "482774b8-8ec5-40a4-ba0a-739cfaf1b7a0",
              "parentUUID": "1eb50cef-41df-4abb-978e-da6d5c203b64",
              "isHook": false,
              "skipped": false
            }
          ],
          "suites": [],
          "passes": [
            "b2cab62d-0fec-4688-9e54-870fd1a5c863",
            "482774b8-8ec5-40a4-ba0a-739cfaf1b7a0"
          ],
          "failures": [],
          "pending": [],
          "skipped": [],
          "duration": 11126,
          "root": false,
          "rootEmpty": false,
          "_timeout": 2000
        },
        {
          "uuid": "61c38e0d-41f2-4fbd-9716-206a98368e33",
          "title": "8 - Clicar em um pixel dentro do quadro após selecionar uma cor na paleta, faz com que o pixel seja preenchido com a cor selecionada.",
          "fullFile": "",
          "file": "",
          "beforeHooks": [],
          "afterHooks": [],
          "tests": [
            {
              "title": "Verifica se ao carregar a página deve ser possível pintar os pixels de preto",
              "fullTitle": "8 - Clicar em um pixel dentro do quadro após selecionar uma cor na paleta, faz com que o pixel seja preenchido com a cor selecionada. Verifica se ao carregar a página deve ser possível pintar os pixels de preto",
              "timedOut": null,
              "duration": 2745,
              "state": "passed",
              "speed": "slow",
              "pass": true,
              "fail": false,
              "pending": false,
              "context": null,
              "code": "cy.get('.pixel').each(function (pixel) {\n  cy.wrap(pixel).click().should('have.css', 'background-color', BLACK);\n});",
              "err": {},
              "uuid": "9018693a-60a3-4b90-8a31-f28b38c1896d",
              "parentUUID": "61c38e0d-41f2-4fbd-9716-206a98368e33",
              "isHook": false,
              "skipped": false
            },
            {
              "title": "Verifica se após selecionar uma outra cor na paleta, é possível pintar os pixels com essa cor",
              "fullTitle": "8 - Clicar em um pixel dentro do quadro após selecionar uma cor na paleta, faz com que o pixel seja preenchido com a cor selecionada. Verifica se após selecionar uma outra cor na paleta, é possível pintar os pixels com essa cor",
              "timedOut": null,
              "duration": 10340,
              "state": "passed",
              "speed": "slow",
              "pass": true,
              "fail": false,
              "pending": false,
              "context": null,
              "code": "cy.get('.color').each(function (color) {\n  var backgroundColor = color.css('background-color');\n  cy.wrap(color).click();\n  cy.get('.pixel').each(function (pixel) {\n    cy.wrap(pixel).click().should('have.css', 'background-color', backgroundColor);\n  });\n});",
              "err": {},
              "uuid": "1882edb0-6cd0-4f1b-8e25-1c8b7e915de2",
              "parentUUID": "61c38e0d-41f2-4fbd-9716-206a98368e33",
              "isHook": false,
              "skipped": false
            },
            {
              "title": "Verifica se somente o pixel que foi clicado foi preenchido com a cor selecionada, sem influenciar na cor dos demais pixels.",
              "fullTitle": "8 - Clicar em um pixel dentro do quadro após selecionar uma cor na paleta, faz com que o pixel seja preenchido com a cor selecionada. Verifica se somente o pixel que foi clicado foi preenchido com a cor selecionada, sem influenciar na cor dos demais pixels.",
              "timedOut": null,
              "duration": 3596,
              "state": "passed",
              "speed": "slow",
              "pass": true,
              "fail": false,
              "pending": false,
              "context": null,
              "code": "var colorToPixelIndexMap = {\n  0: 6,\n  1: 8,\n  2: 16,\n  3: 18\n};\ncy.get('.color').each(function (color, index) {\n  cy.wrap(color).click();\n  var backgroundColor = color.css('background-color');\n  var clickedPixelIndex = colorToPixelIndexMap[index];\n  cy.get('.pixel').eq(clickedPixelIndex).click();\n  cy.get('.pixel').eq(clickedPixelIndex - 1).should('not.have.css', 'background-color', backgroundColor);\n  cy.get('.pixel').eq(clickedPixelIndex + 1).should('not.have.css', 'background-color', backgroundColor);\n  cy.get('.pixel').eq(clickedPixelIndex - 5).should('not.have.css', 'background-color', backgroundColor);\n  cy.get('.pixel').eq(clickedPixelIndex + 5).should('not.have.css', 'background-color', backgroundColor);\n  cy.get('.pixel').eq(clickedPixelIndex - 6).should('not.have.css', 'background-color', backgroundColor);\n  cy.get('.pixel').eq(clickedPixelIndex - 4).should('not.have.css', 'background-color', backgroundColor);\n  cy.get('.pixel').eq(clickedPixelIndex + 4).should('not.have.css', 'background-color', backgroundColor);\n  cy.get('.pixel').eq(clickedPixelIndex + 6).should('not.have.css', 'background-color', backgroundColor);\n});",
              "err": {},
              "uuid": "2be7d0a7-3401-4949-90e3-c57a031c7266",
              "parentUUID": "61c38e0d-41f2-4fbd-9716-206a98368e33",
              "isHook": false,
              "skipped": false
            }
          ],
          "suites": [],
          "passes": [
            "9018693a-60a3-4b90-8a31-f28b38c1896d",
            "1882edb0-6cd0-4f1b-8e25-1c8b7e915de2",
            "2be7d0a7-3401-4949-90e3-c57a031c7266"
          ],
          "failures": [],
          "pending": [],
          "skipped": [],
          "duration": 16681,
          "root": false,
          "rootEmpty": false,
          "_timeout": 2000
        },
        {
          "uuid": "9e5a0804-7b94-42a9-b9f4-6c61629ea81a",
          "title": "9 - Crie um botão que, ao ser clicado, limpa o quadro preenchendo a cor de todos seus pixels com branco.",
          "fullFile": "",
          "file": "",
          "beforeHooks": [],
          "afterHooks": [],
          "tests": [
            {
              "title": "Verifica se o botão tem o `id` denominado `clear-board`",
              "fullTitle": "9 - Crie um botão que, ao ser clicado, limpa o quadro preenchendo a cor de todos seus pixels com branco. Verifica se o botão tem o `id` denominado `clear-board`",
              "timedOut": null,
              "duration": 4722,
              "state": "failed",
              "speed": null,
              "pass": false,
              "fail": true,
              "pending": false,
              "context": null,
              "code": "cy.get('#clear-board').should('be.visible');",
              "err": {
                "message": "CypressError: Timed out retrying: Expected to find element: '#clear-board', but never found it.",
                "estack": "CypressError: Timed out retrying: Expected to find element: '#clear-board', but never found it.\n    at cypressErr (http://localhost:33109/__cypress/runner/cypress_runner.js:149934:9)\n    at throwErr (http://localhost:33109/__cypress/runner/cypress_runner.js:149867:11)\n    at Object.throwErrByPath (http://localhost:33109/__cypress/runner/cypress_runner.js:149915:3)\n    at retry (http://localhost:33109/__cypress/runner/cypress_runner.js:144197:19)\n    at onFailFn (http://localhost:33109/__cypress/runner/cypress_runner.js:132448:16)\n    at tryCatcher (http://localhost:33109/__cypress/runner/cypress_runner.js:167415:23)\n    at Promise._settlePromiseFromHandler (http://localhost:33109/__cypress/runner/cypress_runner.js:165351:31)\n    at Promise._settlePromise (http://localhost:33109/__cypress/runner/cypress_runner.js:165408:18)\n    at Promise._settlePromise0 (http://localhost:33109/__cypress/runner/cypress_runner.js:165453:10)\n    at Promise._settlePromises (http://localhost:33109/__cypress/runner/cypress_runner.js:165528:18)\n    at Async../node_modules/bluebird/js/release/async.js.Async._drainQueue (http://localhost:33109/__cypress/runner/cypress_runner.js:162140:16)\n    at Async../node_modules/bluebird/js/release/async.js.Async._drainQueues (http://localhost:33109/__cypress/runner/cypress_runner.js:162150:10)\n    at Async.drainQueues (http://localhost:33109/__cypress/runner/cypress_runner.js:162024:14)",
                "diff": null
              },
              "uuid": "9a48be88-2d06-4bd7-9bf2-e3ed69826ca7",
              "parentUUID": "9e5a0804-7b94-42a9-b9f4-6c61629ea81a",
              "isHook": false,
              "skipped": false
            },
            {
              "title": "Verifica se o botão está posicionado entre a paleta de cores e o quadro de pixels",
              "fullTitle": "9 - Crie um botão que, ao ser clicado, limpa o quadro preenchendo a cor de todos seus pixels com branco. Verifica se o botão está posicionado entre a paleta de cores e o quadro de pixels",
              "timedOut": null,
              "duration": 4714,
              "state": "failed",
              "speed": null,
              "pass": false,
              "fail": true,
              "pending": false,
              "context": null,
              "code": "cy.get('#color-palette').then(function (palette) {\n  cy.get('#clear-board').should('be.belowOf', palette);\n});\ncy.get('#clear-board').then(function (clearBtn) {\n  cy.get('#pixel-board').should('be.belowOf', clearBtn);\n});",
              "err": {
                "message": "CypressError: Timed out retrying: Expected to find element: '#clear-board', but never found it.",
                "estack": "CypressError: Timed out retrying: Expected to find element: '#clear-board', but never found it.\n    at cypressErr (http://localhost:33109/__cypress/runner/cypress_runner.js:149934:9)\n    at throwErr (http://localhost:33109/__cypress/runner/cypress_runner.js:149867:11)\n    at Object.throwErrByPath (http://localhost:33109/__cypress/runner/cypress_runner.js:149915:3)\n    at retry (http://localhost:33109/__cypress/runner/cypress_runner.js:144197:19)\n    at onFailFn (http://localhost:33109/__cypress/runner/cypress_runner.js:132448:16)\n    at tryCatcher (http://localhost:33109/__cypress/runner/cypress_runner.js:167415:23)\n    at Promise._settlePromiseFromHandler (http://localhost:33109/__cypress/runner/cypress_runner.js:165351:31)\n    at Promise._settlePromise (http://localhost:33109/__cypress/runner/cypress_runner.js:165408:18)\n    at Promise._settlePromise0 (http://localhost:33109/__cypress/runner/cypress_runner.js:165453:10)\n    at Promise._settlePromises (http://localhost:33109/__cypress/runner/cypress_runner.js:165528:18)\n    at Async../node_modules/bluebird/js/release/async.js.Async._drainQueue (http://localhost:33109/__cypress/runner/cypress_runner.js:162140:16)\n    at Async../node_modules/bluebird/js/release/async.js.Async._drainQueues (http://localhost:33109/__cypress/runner/cypress_runner.js:162150:10)\n    at Async.drainQueues (http://localhost:33109/__cypress/runner/cypress_runner.js:162024:14)",
                "diff": null
              },
              "uuid": "c9304ffc-c828-4f89-a93a-435d2bb5c0ca",
              "parentUUID": "9e5a0804-7b94-42a9-b9f4-6c61629ea81a",
              "isHook": false,
              "skipped": false
            },
            {
              "title": "Verifica se o texto do botão é 'Limpar'",
              "fullTitle": "9 - Crie um botão que, ao ser clicado, limpa o quadro preenchendo a cor de todos seus pixels com branco. Verifica se o texto do botão é 'Limpar'",
              "timedOut": null,
              "duration": 4751,
              "state": "failed",
              "speed": null,
              "pass": false,
              "fail": true,
              "pending": false,
              "context": null,
              "code": "cy.get('#clear-board').should('contain.text', 'Limpar');",
              "err": {
                "message": "CypressError: Timed out retrying: Expected to find element: '#clear-board', but never found it.",
                "estack": "CypressError: Timed out retrying: Expected to find element: '#clear-board', but never found it.\n    at cypressErr (http://localhost:33109/__cypress/runner/cypress_runner.js:149934:9)\n    at throwErr (http://localhost:33109/__cypress/runner/cypress_runner.js:149867:11)\n    at Object.throwErrByPath (http://localhost:33109/__cypress/runner/cypress_runner.js:149915:3)\n    at retry (http://localhost:33109/__cypress/runner/cypress_runner.js:144197:19)\n    at onFailFn (http://localhost:33109/__cypress/runner/cypress_runner.js:132448:16)\n    at tryCatcher (http://localhost:33109/__cypress/runner/cypress_runner.js:167415:23)\n    at Promise._settlePromiseFromHandler (http://localhost:33109/__cypress/runner/cypress_runner.js:165351:31)\n    at Promise._settlePromise (http://localhost:33109/__cypress/runner/cypress_runner.js:165408:18)\n    at Promise._settlePromise0 (http://localhost:33109/__cypress/runner/cypress_runner.js:165453:10)\n    at Promise._settlePromises (http://localhost:33109/__cypress/runner/cypress_runner.js:165528:18)\n    at Async../node_modules/bluebird/js/release/async.js.Async._drainQueue (http://localhost:33109/__cypress/runner/cypress_runner.js:162140:16)\n    at Async../node_modules/bluebird/js/release/async.js.Async._drainQueues (http://localhost:33109/__cypress/runner/cypress_runner.js:162150:10)\n    at Async.drainQueues (http://localhost:33109/__cypress/runner/cypress_runner.js:162024:14)",
                "diff": null
              },
              "uuid": "282b633d-34e7-418b-a9f4-3c95eb96e703",
              "parentUUID": "9e5a0804-7b94-42a9-b9f4-6c61629ea81a",
              "isHook": false,
              "skipped": false
            },
            {
              "title": "Verifica se ao clicar no botão, o quadro de pixels é totalmente preenchido de branco",
              "fullTitle": "9 - Crie um botão que, ao ser clicado, limpa o quadro preenchendo a cor de todos seus pixels com branco. Verifica se ao clicar no botão, o quadro de pixels é totalmente preenchido de branco",
              "timedOut": null,
              "duration": 7281,
              "state": "failed",
              "speed": null,
              "pass": false,
              "fail": true,
              "pending": false,
              "context": null,
              "code": "cy.get('.color').eq(1).then(function (color) {\n  var backgroundColor = color.css('background-color');\n  cy.wrap(color).click();\n  cy.get('.pixel').each(function (pixel) {\n    cy.wrap(pixel).click().should('have.css', 'background-color', backgroundColor);\n  });\n});\ncy.get('#clear-board').click();\ncy.get('.pixel').each(function (pixel) {\n  cy.wrap(pixel).should('have.css', 'background-color', WHITE);\n});",
              "err": {
                "message": "CypressError: Timed out retrying: Expected to find element: '#clear-board', but never found it.",
                "estack": "CypressError: Timed out retrying: Expected to find element: '#clear-board', but never found it.\n    at cypressErr (http://localhost:33109/__cypress/runner/cypress_runner.js:149934:9)\n    at throwErr (http://localhost:33109/__cypress/runner/cypress_runner.js:149867:11)\n    at Object.throwErrByPath (http://localhost:33109/__cypress/runner/cypress_runner.js:149915:3)\n    at retry (http://localhost:33109/__cypress/runner/cypress_runner.js:144197:19)\n    at onFailFn (http://localhost:33109/__cypress/runner/cypress_runner.js:132448:16)\n    at tryCatcher (http://localhost:33109/__cypress/runner/cypress_runner.js:167415:23)\n    at Promise._settlePromiseFromHandler (http://localhost:33109/__cypress/runner/cypress_runner.js:165351:31)\n    at Promise._settlePromise (http://localhost:33109/__cypress/runner/cypress_runner.js:165408:18)\n    at Promise._settlePromise0 (http://localhost:33109/__cypress/runner/cypress_runner.js:165453:10)\n    at Promise._settlePromises (http://localhost:33109/__cypress/runner/cypress_runner.js:165528:18)\n    at Async../node_modules/bluebird/js/release/async.js.Async._drainQueue (http://localhost:33109/__cypress/runner/cypress_runner.js:162140:16)\n    at Async../node_modules/bluebird/js/release/async.js.Async._drainQueues (http://localhost:33109/__cypress/runner/cypress_runner.js:162150:10)\n    at Async.drainQueues (http://localhost:33109/__cypress/runner/cypress_runner.js:162024:14)",
                "diff": null
              },
              "uuid": "a5b30556-3d4d-48ec-a19a-c4df9dc4f8c2",
              "parentUUID": "9e5a0804-7b94-42a9-b9f4-6c61629ea81a",
              "isHook": false,
              "skipped": false
            }
          ],
          "suites": [],
          "passes": [],
          "failures": [
            "9a48be88-2d06-4bd7-9bf2-e3ed69826ca7",
            "c9304ffc-c828-4f89-a93a-435d2bb5c0ca",
            "282b633d-34e7-418b-a9f4-3c95eb96e703",
            "a5b30556-3d4d-48ec-a19a-c4df9dc4f8c2"
          ],
          "pending": [],
          "skipped": [],
          "duration": 21468,
          "root": false,
          "rootEmpty": false,
          "_timeout": 2000
        },
        {
          "uuid": "2eb2e151-27ce-45a0-90e9-f19d2d2a01b8",
          "title": "10 - Faça o quadro de pixels ter seu tamanho definido pelo usuário.",
          "fullFile": "",
          "file": "",
          "beforeHooks": [],
          "afterHooks": [],
          "tests": [
            {
              "title": "Verifica se existe um input com o id `board-size`",
              "fullTitle": "10 - Faça o quadro de pixels ter seu tamanho definido pelo usuário. Verifica se existe um input com o id `board-size`",
              "timedOut": null,
              "duration": 4783,
              "state": "failed",
              "speed": null,
              "pass": false,
              "fail": true,
              "pending": false,
              "context": null,
              "code": "cy.get('#board-size').should('be.visible');",
              "err": {
                "message": "CypressError: Timed out retrying: Expected to find element: '#board-size', but never found it.",
                "estack": "CypressError: Timed out retrying: Expected to find element: '#board-size', but never found it.\n    at cypressErr (http://localhost:33109/__cypress/runner/cypress_runner.js:149934:9)\n    at throwErr (http://localhost:33109/__cypress/runner/cypress_runner.js:149867:11)\n    at Object.throwErrByPath (http://localhost:33109/__cypress/runner/cypress_runner.js:149915:3)\n    at retry (http://localhost:33109/__cypress/runner/cypress_runner.js:144197:19)\n    at onFailFn (http://localhost:33109/__cypress/runner/cypress_runner.js:132448:16)\n    at tryCatcher (http://localhost:33109/__cypress/runner/cypress_runner.js:167415:23)\n    at Promise._settlePromiseFromHandler (http://localhost:33109/__cypress/runner/cypress_runner.js:165351:31)\n    at Promise._settlePromise (http://localhost:33109/__cypress/runner/cypress_runner.js:165408:18)\n    at Promise._settlePromise0 (http://localhost:33109/__cypress/runner/cypress_runner.js:165453:10)\n    at Promise._settlePromises (http://localhost:33109/__cypress/runner/cypress_runner.js:165528:18)\n    at Async../node_modules/bluebird/js/release/async.js.Async._drainQueue (http://localhost:33109/__cypress/runner/cypress_runner.js:162140:16)\n    at Async../node_modules/bluebird/js/release/async.js.Async._drainQueues (http://localhost:33109/__cypress/runner/cypress_runner.js:162150:10)\n    at Async.drainQueues (http://localhost:33109/__cypress/runner/cypress_runner.js:162024:14)",
                "diff": null
              },
              "uuid": "a9149d36-c9a7-4c06-9e81-382702cf9558",
              "parentUUID": "2eb2e151-27ce-45a0-90e9-f19d2d2a01b8",
              "isHook": false,
              "skipped": false
            },
            {
              "title": "Verifica se existe um botão com o id `generate-board`",
              "fullTitle": "10 - Faça o quadro de pixels ter seu tamanho definido pelo usuário. Verifica se existe um botão com o id `generate-board`",
              "timedOut": null,
              "duration": 5006,
              "state": "failed",
              "speed": null,
              "pass": false,
              "fail": true,
              "pending": false,
              "context": null,
              "code": "cy.get('#generate-board').should('be.visible');",
              "err": {
                "message": "CypressError: Timed out retrying: Expected to find element: '#generate-board', but never found it.",
                "estack": "CypressError: Timed out retrying: Expected to find element: '#generate-board', but never found it.\n    at cypressErr (http://localhost:33109/__cypress/runner/cypress_runner.js:149934:9)\n    at throwErr (http://localhost:33109/__cypress/runner/cypress_runner.js:149867:11)\n    at Object.throwErrByPath (http://localhost:33109/__cypress/runner/cypress_runner.js:149915:3)\n    at retry (http://localhost:33109/__cypress/runner/cypress_runner.js:144197:19)\n    at onFailFn (http://localhost:33109/__cypress/runner/cypress_runner.js:132448:16)\n    at tryCatcher (http://localhost:33109/__cypress/runner/cypress_runner.js:167415:23)\n    at Promise._settlePromiseFromHandler (http://localhost:33109/__cypress/runner/cypress_runner.js:165351:31)\n    at Promise._settlePromise (http://localhost:33109/__cypress/runner/cypress_runner.js:165408:18)\n    at Promise._settlePromise0 (http://localhost:33109/__cypress/runner/cypress_runner.js:165453:10)\n    at Promise._settlePromises (http://localhost:33109/__cypress/runner/cypress_runner.js:165528:18)\n    at Async../node_modules/bluebird/js/release/async.js.Async._drainQueue (http://localhost:33109/__cypress/runner/cypress_runner.js:162140:16)\n    at Async../node_modules/bluebird/js/release/async.js.Async._drainQueues (http://localhost:33109/__cypress/runner/cypress_runner.js:162150:10)\n    at Async.drainQueues (http://localhost:33109/__cypress/runner/cypress_runner.js:162024:14)",
                "diff": null
              },
              "uuid": "d3533c17-62e5-49df-a4cf-f6fdb8d9c813",
              "parentUUID": "2eb2e151-27ce-45a0-90e9-f19d2d2a01b8",
              "isHook": false,
              "skipped": false
            },
            {
              "title": "Verifica se o input só aceita número maiores que zero. Essa restrição deve ser feita usando os atributos do elemento `input`",
              "fullTitle": "10 - Faça o quadro de pixels ter seu tamanho definido pelo usuário. Verifica se o input só aceita número maiores que zero. Essa restrição deve ser feita usando os atributos do elemento `input`",
              "timedOut": null,
              "duration": 4804,
              "state": "failed",
              "speed": null,
              "pass": false,
              "fail": true,
              "pending": false,
              "context": null,
              "code": "cy.get('#board-size[type=\\'number\\'][min=\\'1\\']');",
              "err": {
                "message": "CypressError: Timed out retrying: Expected to find element: '#board-size[type='number'][min='1']', but never found it.",
                "estack": "CypressError: Timed out retrying: Expected to find element: '#board-size[type='number'][min='1']', but never found it.\n    at cypressErr (http://localhost:33109/__cypress/runner/cypress_runner.js:149934:9)\n    at throwErr (http://localhost:33109/__cypress/runner/cypress_runner.js:149867:11)\n    at Object.throwErrByPath (http://localhost:33109/__cypress/runner/cypress_runner.js:149915:3)\n    at retry (http://localhost:33109/__cypress/runner/cypress_runner.js:144197:19)\n    at onFailFn (http://localhost:33109/__cypress/runner/cypress_runner.js:132448:16)\n    at tryCatcher (http://localhost:33109/__cypress/runner/cypress_runner.js:167415:23)\n    at Promise._settlePromiseFromHandler (http://localhost:33109/__cypress/runner/cypress_runner.js:165351:31)\n    at Promise._settlePromise (http://localhost:33109/__cypress/runner/cypress_runner.js:165408:18)\n    at Promise._settlePromise0 (http://localhost:33109/__cypress/runner/cypress_runner.js:165453:10)\n    at Promise._settlePromises (http://localhost:33109/__cypress/runner/cypress_runner.js:165528:18)\n    at Async../node_modules/bluebird/js/release/async.js.Async._drainQueue (http://localhost:33109/__cypress/runner/cypress_runner.js:162140:16)\n    at Async../node_modules/bluebird/js/release/async.js.Async._drainQueues (http://localhost:33109/__cypress/runner/cypress_runner.js:162150:10)\n    at Async.drainQueues (http://localhost:33109/__cypress/runner/cypress_runner.js:162024:14)",
                "diff": null
              },
              "uuid": "77a718d9-74b8-4293-9104-9c19fe259100",
              "parentUUID": "2eb2e151-27ce-45a0-90e9-f19d2d2a01b8",
              "isHook": false,
              "skipped": false
            },
            {
              "title": "Verifica se o botão contém o texto 'VQV'",
              "fullTitle": "10 - Faça o quadro de pixels ter seu tamanho definido pelo usuário. Verifica se o botão contém o texto 'VQV'",
              "timedOut": null,
              "duration": 4654,
              "state": "failed",
              "speed": null,
              "pass": false,
              "fail": true,
              "pending": false,
              "context": null,
              "code": "cy.get('#generate-board').contains(/vqv/i);",
              "err": {
                "message": "CypressError: Timed out retrying: Expected to find element: '#generate-board', but never found it.",
                "estack": "CypressError: Timed out retrying: Expected to find element: '#generate-board', but never found it.\n    at cypressErr (http://localhost:33109/__cypress/runner/cypress_runner.js:149934:9)\n    at throwErr (http://localhost:33109/__cypress/runner/cypress_runner.js:149867:11)\n    at Object.throwErrByPath (http://localhost:33109/__cypress/runner/cypress_runner.js:149915:3)\n    at retry (http://localhost:33109/__cypress/runner/cypress_runner.js:144197:19)\n    at onFailFn (http://localhost:33109/__cypress/runner/cypress_runner.js:132448:16)\n    at tryCatcher (http://localhost:33109/__cypress/runner/cypress_runner.js:167415:23)\n    at Promise._settlePromiseFromHandler (http://localhost:33109/__cypress/runner/cypress_runner.js:165351:31)\n    at Promise._settlePromise (http://localhost:33109/__cypress/runner/cypress_runner.js:165408:18)\n    at Promise._settlePromise0 (http://localhost:33109/__cypress/runner/cypress_runner.js:165453:10)\n    at Promise._settlePromises (http://localhost:33109/__cypress/runner/cypress_runner.js:165528:18)\n    at Async../node_modules/bluebird/js/release/async.js.Async._drainQueue (http://localhost:33109/__cypress/runner/cypress_runner.js:162140:16)\n    at Async../node_modules/bluebird/js/release/async.js.Async._drainQueues (http://localhost:33109/__cypress/runner/cypress_runner.js:162150:10)\n    at Async.drainQueues (http://localhost:33109/__cypress/runner/cypress_runner.js:162024:14)",
                "diff": null
              },
              "uuid": "e917c2fb-467c-41de-a1f2-26eb81599caa",
              "parentUUID": "2eb2e151-27ce-45a0-90e9-f19d2d2a01b8",
              "isHook": false,
              "skipped": false
            },
            {
              "title": "Verifica se o input está posicionado entre a paleta de cores e o quadro de pixels",
              "fullTitle": "10 - Faça o quadro de pixels ter seu tamanho definido pelo usuário. Verifica se o input está posicionado entre a paleta de cores e o quadro de pixels",
              "timedOut": null,
              "duration": 4820,
              "state": "failed",
              "speed": null,
              "pass": false,
              "fail": true,
              "pending": false,
              "context": null,
              "code": "cy.get('#color-palette').then(function (palette) {\n  cy.get('#board-size').should('be.belowOf', palette);\n});\ncy.get('#board-size').then(function (palette) {\n  cy.get('#pixel-board').should('be.belowOf', palette);\n});",
              "err": {
                "message": "CypressError: Timed out retrying: Expected to find element: '#board-size', but never found it.",
                "estack": "CypressError: Timed out retrying: Expected to find element: '#board-size', but never found it.\n    at cypressErr (http://localhost:33109/__cypress/runner/cypress_runner.js:149934:9)\n    at throwErr (http://localhost:33109/__cypress/runner/cypress_runner.js:149867:11)\n    at Object.throwErrByPath (http://localhost:33109/__cypress/runner/cypress_runner.js:149915:3)\n    at retry (http://localhost:33109/__cypress/runner/cypress_runner.js:144197:19)\n    at onFailFn (http://localhost:33109/__cypress/runner/cypress_runner.js:132448:16)\n    at tryCatcher (http://localhost:33109/__cypress/runner/cypress_runner.js:167415:23)\n    at Promise._settlePromiseFromHandler (http://localhost:33109/__cypress/runner/cypress_runner.js:165351:31)\n    at Promise._settlePromise (http://localhost:33109/__cypress/runner/cypress_runner.js:165408:18)\n    at Promise._settlePromise0 (http://localhost:33109/__cypress/runner/cypress_runner.js:165453:10)\n    at Promise._settlePromises (http://localhost:33109/__cypress/runner/cypress_runner.js:165528:18)\n    at Async../node_modules/bluebird/js/release/async.js.Async._drainQueue (http://localhost:33109/__cypress/runner/cypress_runner.js:162140:16)\n    at Async../node_modules/bluebird/js/release/async.js.Async._drainQueues (http://localhost:33109/__cypress/runner/cypress_runner.js:162150:10)\n    at Async.drainQueues (http://localhost:33109/__cypress/runner/cypress_runner.js:162024:14)",
                "diff": null
              },
              "uuid": "4f182b10-58f9-40a2-a9bd-ef3707cbe74b",
              "parentUUID": "2eb2e151-27ce-45a0-90e9-f19d2d2a01b8",
              "isHook": false,
              "skipped": false
            },
            {
              "title": "Verifica se o botão está posicionado ao lado do input",
              "fullTitle": "10 - Faça o quadro de pixels ter seu tamanho definido pelo usuário. Verifica se o botão está posicionado ao lado do input",
              "timedOut": null,
              "duration": 4725,
              "state": "failed",
              "speed": null,
              "pass": false,
              "fail": true,
              "pending": false,
              "context": null,
              "code": "cy.get('#board-size').then(function (board) {\n  cy.get('#generate-board').should('be.onTheRightOf', board);\n});",
              "err": {
                "message": "CypressError: Timed out retrying: Expected to find element: '#board-size', but never found it.",
                "estack": "CypressError: Timed out retrying: Expected to find element: '#board-size', but never found it.\n    at cypressErr (http://localhost:33109/__cypress/runner/cypress_runner.js:149934:9)\n    at throwErr (http://localhost:33109/__cypress/runner/cypress_runner.js:149867:11)\n    at Object.throwErrByPath (http://localhost:33109/__cypress/runner/cypress_runner.js:149915:3)\n    at retry (http://localhost:33109/__cypress/runner/cypress_runner.js:144197:19)\n    at onFailFn (http://localhost:33109/__cypress/runner/cypress_runner.js:132448:16)\n    at tryCatcher (http://localhost:33109/__cypress/runner/cypress_runner.js:167415:23)\n    at Promise._settlePromiseFromHandler (http://localhost:33109/__cypress/runner/cypress_runner.js:165351:31)\n    at Promise._settlePromise (http://localhost:33109/__cypress/runner/cypress_runner.js:165408:18)\n    at Promise._settlePromise0 (http://localhost:33109/__cypress/runner/cypress_runner.js:165453:10)\n    at Promise._settlePromises (http://localhost:33109/__cypress/runner/cypress_runner.js:165528:18)\n    at Async../node_modules/bluebird/js/release/async.js.Async._drainQueue (http://localhost:33109/__cypress/runner/cypress_runner.js:162140:16)\n    at Async../node_modules/bluebird/js/release/async.js.Async._drainQueues (http://localhost:33109/__cypress/runner/cypress_runner.js:162150:10)\n    at Async.drainQueues (http://localhost:33109/__cypress/runner/cypress_runner.js:162024:14)",
                "diff": null
              },
              "uuid": "ec26ece9-502a-4c2c-b6ed-1a606f71c235",
              "parentUUID": "2eb2e151-27ce-45a0-90e9-f19d2d2a01b8",
              "isHook": false,
              "skipped": false
            },
            {
              "title": "Verifica se nenhum valor for colocado no input ao clicar no botão, um `alert` é exibido com o texto: 'Board inválido!'",
              "fullTitle": "10 - Faça o quadro de pixels ter seu tamanho definido pelo usuário. Verifica se nenhum valor for colocado no input ao clicar no botão, um `alert` é exibido com o texto: 'Board inválido!'",
              "timedOut": null,
              "duration": 5013,
              "state": "failed",
              "speed": null,
              "pass": false,
              "fail": true,
              "pending": false,
              "context": null,
              "code": "var alerted = false;\ncy.on('window:alert', function (msg) {\n  return alerted = msg;\n});\ncy.get('#generate-board').click().then(function () {\n  return expect(alerted).to.match(/Board inválido!/i);\n});",
              "err": {
                "message": "CypressError: Timed out retrying: Expected to find element: '#generate-board', but never found it.",
                "estack": "CypressError: Timed out retrying: Expected to find element: '#generate-board', but never found it.\n    at cypressErr (http://localhost:33109/__cypress/runner/cypress_runner.js:149934:9)\n    at throwErr (http://localhost:33109/__cypress/runner/cypress_runner.js:149867:11)\n    at Object.throwErrByPath (http://localhost:33109/__cypress/runner/cypress_runner.js:149915:3)\n    at retry (http://localhost:33109/__cypress/runner/cypress_runner.js:144197:19)\n    at onFailFn (http://localhost:33109/__cypress/runner/cypress_runner.js:132448:16)\n    at tryCatcher (http://localhost:33109/__cypress/runner/cypress_runner.js:167415:23)\n    at Promise._settlePromiseFromHandler (http://localhost:33109/__cypress/runner/cypress_runner.js:165351:31)\n    at Promise._settlePromise (http://localhost:33109/__cypress/runner/cypress_runner.js:165408:18)\n    at Promise._settlePromise0 (http://localhost:33109/__cypress/runner/cypress_runner.js:165453:10)\n    at Promise._settlePromises (http://localhost:33109/__cypress/runner/cypress_runner.js:165528:18)\n    at Async../node_modules/bluebird/js/release/async.js.Async._drainQueue (http://localhost:33109/__cypress/runner/cypress_runner.js:162140:16)\n    at Async../node_modules/bluebird/js/release/async.js.Async._drainQueues (http://localhost:33109/__cypress/runner/cypress_runner.js:162150:10)\n    at Async.drainQueues (http://localhost:33109/__cypress/runner/cypress_runner.js:162024:14)",
                "diff": null
              },
              "uuid": "407805b0-1b75-49e4-b71b-5b0234116957",
              "parentUUID": "2eb2e151-27ce-45a0-90e9-f19d2d2a01b8",
              "isHook": false,
              "skipped": false
            },
            {
              "title": "Verifica se ao clicar no botão com um valor preenchido, o tamanho do board muda.",
              "fullTitle": "10 - Faça o quadro de pixels ter seu tamanho definido pelo usuário. Verifica se ao clicar no botão com um valor preenchido, o tamanho do board muda.",
              "timedOut": null,
              "duration": 4874,
              "state": "failed",
              "speed": null,
              "pass": false,
              "fail": true,
              "pending": false,
              "context": null,
              "code": "cy.get('#board-size').clear().type(10);\ncy.get('#generate-board').click();\ncy.get('.pixel').should('have.length', 100);",
              "err": {
                "message": "CypressError: Timed out retrying: Expected to find element: '#board-size', but never found it.",
                "estack": "CypressError: Timed out retrying: Expected to find element: '#board-size', but never found it.\n    at cypressErr (http://localhost:33109/__cypress/runner/cypress_runner.js:149934:9)\n    at throwErr (http://localhost:33109/__cypress/runner/cypress_runner.js:149867:11)\n    at Object.throwErrByPath (http://localhost:33109/__cypress/runner/cypress_runner.js:149915:3)\n    at retry (http://localhost:33109/__cypress/runner/cypress_runner.js:144197:19)\n    at onFailFn (http://localhost:33109/__cypress/runner/cypress_runner.js:132448:16)\n    at tryCatcher (http://localhost:33109/__cypress/runner/cypress_runner.js:167415:23)\n    at Promise._settlePromiseFromHandler (http://localhost:33109/__cypress/runner/cypress_runner.js:165351:31)\n    at Promise._settlePromise (http://localhost:33109/__cypress/runner/cypress_runner.js:165408:18)\n    at Promise._settlePromise0 (http://localhost:33109/__cypress/runner/cypress_runner.js:165453:10)\n    at Promise._settlePromises (http://localhost:33109/__cypress/runner/cypress_runner.js:165528:18)\n    at Async../node_modules/bluebird/js/release/async.js.Async._drainQueue (http://localhost:33109/__cypress/runner/cypress_runner.js:162140:16)\n    at Async../node_modules/bluebird/js/release/async.js.Async._drainQueues (http://localhost:33109/__cypress/runner/cypress_runner.js:162150:10)\n    at Async.drainQueues (http://localhost:33109/__cypress/runner/cypress_runner.js:162024:14)",
                "diff": null
              },
              "uuid": "72abc8f8-f254-43ce-9680-4f3f95f42c73",
              "parentUUID": "2eb2e151-27ce-45a0-90e9-f19d2d2a01b8",
              "isHook": false,
              "skipped": false
            },
            {
              "title": "Verifica se o novo quadro tem todos os pixels preenchidos com a cor branca",
              "fullTitle": "10 - Faça o quadro de pixels ter seu tamanho definido pelo usuário. Verifica se o novo quadro tem todos os pixels preenchidos com a cor branca",
              "timedOut": null,
              "duration": 4804,
              "state": "failed",
              "speed": null,
              "pass": false,
              "fail": true,
              "pending": false,
              "context": null,
              "code": "cy.get('#board-size').clear().type(6);\ncy.get('#generate-board').click();\ncy.get('.pixel').should('have.length', 36).each(function (pixel) {\n  expect(pixel).to.have.css('background-color', WHITE);\n});",
              "err": {
                "message": "CypressError: Timed out retrying: Expected to find element: '#board-size', but never found it.",
                "estack": "CypressError: Timed out retrying: Expected to find element: '#board-size', but never found it.\n    at cypressErr (http://localhost:33109/__cypress/runner/cypress_runner.js:149934:9)\n    at throwErr (http://localhost:33109/__cypress/runner/cypress_runner.js:149867:11)\n    at Object.throwErrByPath (http://localhost:33109/__cypress/runner/cypress_runner.js:149915:3)\n    at retry (http://localhost:33109/__cypress/runner/cypress_runner.js:144197:19)\n    at onFailFn (http://localhost:33109/__cypress/runner/cypress_runner.js:132448:16)\n    at tryCatcher (http://localhost:33109/__cypress/runner/cypress_runner.js:167415:23)\n    at Promise._settlePromiseFromHandler (http://localhost:33109/__cypress/runner/cypress_runner.js:165351:31)\n    at Promise._settlePromise (http://localhost:33109/__cypress/runner/cypress_runner.js:165408:18)\n    at Promise._settlePromise0 (http://localhost:33109/__cypress/runner/cypress_runner.js:165453:10)\n    at Promise._settlePromises (http://localhost:33109/__cypress/runner/cypress_runner.js:165528:18)\n    at Async../node_modules/bluebird/js/release/async.js.Async._drainQueue (http://localhost:33109/__cypress/runner/cypress_runner.js:162140:16)\n    at Async../node_modules/bluebird/js/release/async.js.Async._drainQueues (http://localhost:33109/__cypress/runner/cypress_runner.js:162150:10)\n    at Async.drainQueues (http://localhost:33109/__cypress/runner/cypress_runner.js:162024:14)",
                "diff": null
              },
              "uuid": "616a492a-317a-4202-81d3-9429df93c0fe",
              "parentUUID": "2eb2e151-27ce-45a0-90e9-f19d2d2a01b8",
              "isHook": false,
              "skipped": false
            }
          ],
          "suites": [],
          "passes": [],
          "failures": [
            "a9149d36-c9a7-4c06-9e81-382702cf9558",
            "d3533c17-62e5-49df-a4cf-f6fdb8d9c813",
            "77a718d9-74b8-4293-9104-9c19fe259100",
            "e917c2fb-467c-41de-a1f2-26eb81599caa",
            "4f182b10-58f9-40a2-a9bd-ef3707cbe74b",
            "ec26ece9-502a-4c2c-b6ed-1a606f71c235",
            "407805b0-1b75-49e4-b71b-5b0234116957",
            "72abc8f8-f254-43ce-9680-4f3f95f42c73",
            "616a492a-317a-4202-81d3-9429df93c0fe"
          ],
          "pending": [],
          "skipped": [],
          "duration": 43483,
          "root": false,
          "rootEmpty": false,
          "_timeout": 2000
        },
        {
          "uuid": "000df493-0f80-4f52-9dd3-9abbf4be40d0",
          "title": "11 - Limite o tamanho mínimo e máximo do board.",
          "fullFile": "",
          "file": "",
          "beforeHooks": [],
          "afterHooks": [],
          "tests": [
            {
              "title": "Verifica se a altura máxima do board é 50",
              "fullTitle": "11 - Limite o tamanho mínimo e máximo do board. Verifica se a altura máxima do board é 50",
              "timedOut": null,
              "duration": 4742,
              "state": "failed",
              "speed": null,
              "pass": false,
              "fail": true,
              "pending": false,
              "context": null,
              "code": "cy.get('#board-size').clear().type(50);\ncy.get('#generate-board').click();\ncy.get('.pixel').should('have.length', 2500);",
              "err": {
                "message": "CypressError: Timed out retrying: Expected to find element: '#board-size', but never found it.",
                "estack": "CypressError: Timed out retrying: Expected to find element: '#board-size', but never found it.\n    at cypressErr (http://localhost:33109/__cypress/runner/cypress_runner.js:149934:9)\n    at throwErr (http://localhost:33109/__cypress/runner/cypress_runner.js:149867:11)\n    at Object.throwErrByPath (http://localhost:33109/__cypress/runner/cypress_runner.js:149915:3)\n    at retry (http://localhost:33109/__cypress/runner/cypress_runner.js:144197:19)\n    at onFailFn (http://localhost:33109/__cypress/runner/cypress_runner.js:132448:16)\n    at tryCatcher (http://localhost:33109/__cypress/runner/cypress_runner.js:167415:23)\n    at Promise._settlePromiseFromHandler (http://localhost:33109/__cypress/runner/cypress_runner.js:165351:31)\n    at Promise._settlePromise (http://localhost:33109/__cypress/runner/cypress_runner.js:165408:18)\n    at Promise._settlePromise0 (http://localhost:33109/__cypress/runner/cypress_runner.js:165453:10)\n    at Promise._settlePromises (http://localhost:33109/__cypress/runner/cypress_runner.js:165528:18)\n    at Async../node_modules/bluebird/js/release/async.js.Async._drainQueue (http://localhost:33109/__cypress/runner/cypress_runner.js:162140:16)\n    at Async../node_modules/bluebird/js/release/async.js.Async._drainQueues (http://localhost:33109/__cypress/runner/cypress_runner.js:162150:10)\n    at Async.drainQueues (http://localhost:33109/__cypress/runner/cypress_runner.js:162024:14)",
                "diff": null
              },
              "uuid": "a4b4dc30-5404-4df6-ad39-a1f8b8cbd0d8",
              "parentUUID": "000df493-0f80-4f52-9dd3-9abbf4be40d0",
              "isHook": false,
              "skipped": false
            },
            {
              "title": "Verifica se a altura do board é 5 quando um valor menor é colocado no input",
              "fullTitle": "11 - Limite o tamanho mínimo e máximo do board. Verifica se a altura do board é 5 quando um valor menor é colocado no input",
              "timedOut": null,
              "duration": 4829,
              "state": "failed",
              "speed": null,
              "pass": false,
              "fail": true,
              "pending": false,
              "context": null,
              "code": "cy.get('#board-size').clear().type(4);\ncy.get('#generate-board').click();\ncy.get('.pixel').should('have.length', 25);",
              "err": {
                "message": "CypressError: Timed out retrying: Expected to find element: '#board-size', but never found it.",
                "estack": "CypressError: Timed out retrying: Expected to find element: '#board-size', but never found it.\n    at cypressErr (http://localhost:33109/__cypress/runner/cypress_runner.js:149934:9)\n    at throwErr (http://localhost:33109/__cypress/runner/cypress_runner.js:149867:11)\n    at Object.throwErrByPath (http://localhost:33109/__cypress/runner/cypress_runner.js:149915:3)\n    at retry (http://localhost:33109/__cypress/runner/cypress_runner.js:144197:19)\n    at onFailFn (http://localhost:33109/__cypress/runner/cypress_runner.js:132448:16)\n    at tryCatcher (http://localhost:33109/__cypress/runner/cypress_runner.js:167415:23)\n    at Promise._settlePromiseFromHandler (http://localhost:33109/__cypress/runner/cypress_runner.js:165351:31)\n    at Promise._settlePromise (http://localhost:33109/__cypress/runner/cypress_runner.js:165408:18)\n    at Promise._settlePromise0 (http://localhost:33109/__cypress/runner/cypress_runner.js:165453:10)\n    at Promise._settlePromises (http://localhost:33109/__cypress/runner/cypress_runner.js:165528:18)\n    at Async../node_modules/bluebird/js/release/async.js.Async._drainQueue (http://localhost:33109/__cypress/runner/cypress_runner.js:162140:16)\n    at Async../node_modules/bluebird/js/release/async.js.Async._drainQueues (http://localhost:33109/__cypress/runner/cypress_runner.js:162150:10)\n    at Async.drainQueues (http://localhost:33109/__cypress/runner/cypress_runner.js:162024:14)",
                "diff": null
              },
              "uuid": "26daa628-e43c-4c1e-9683-cb14b1284dbe",
              "parentUUID": "000df493-0f80-4f52-9dd3-9abbf4be40d0",
              "isHook": false,
              "skipped": false
            },
            {
              "title": "Verifica se a altura do board é 50 quando um valor maior é colocado no input",
              "fullTitle": "11 - Limite o tamanho mínimo e máximo do board. Verifica se a altura do board é 50 quando um valor maior é colocado no input",
              "timedOut": null,
              "duration": 4724,
              "state": "failed",
              "speed": null,
              "pass": false,
              "fail": true,
              "pending": false,
              "context": null,
              "code": "cy.get('#board-size').clear().type(51);\ncy.get('#generate-board').click();\ncy.get('.pixel').should('have.length', 2500);",
              "err": {
                "message": "CypressError: Timed out retrying: Expected to find element: '#board-size', but never found it.",
                "estack": "CypressError: Timed out retrying: Expected to find element: '#board-size', but never found it.\n    at cypressErr (http://localhost:33109/__cypress/runner/cypress_runner.js:149934:9)\n    at throwErr (http://localhost:33109/__cypress/runner/cypress_runner.js:149867:11)\n    at Object.throwErrByPath (http://localhost:33109/__cypress/runner/cypress_runner.js:149915:3)\n    at retry (http://localhost:33109/__cypress/runner/cypress_runner.js:144197:19)\n    at onFailFn (http://localhost:33109/__cypress/runner/cypress_runner.js:132448:16)\n    at tryCatcher (http://localhost:33109/__cypress/runner/cypress_runner.js:167415:23)\n    at Promise._settlePromiseFromHandler (http://localhost:33109/__cypress/runner/cypress_runner.js:165351:31)\n    at Promise._settlePromise (http://localhost:33109/__cypress/runner/cypress_runner.js:165408:18)\n    at Promise._settlePromise0 (http://localhost:33109/__cypress/runner/cypress_runner.js:165453:10)\n    at Promise._settlePromises (http://localhost:33109/__cypress/runner/cypress_runner.js:165528:18)\n    at Async../node_modules/bluebird/js/release/async.js.Async._drainQueue (http://localhost:33109/__cypress/runner/cypress_runner.js:162140:16)\n    at Async../node_modules/bluebird/js/release/async.js.Async._drainQueues (http://localhost:33109/__cypress/runner/cypress_runner.js:162150:10)\n    at Async.drainQueues (http://localhost:33109/__cypress/runner/cypress_runner.js:162024:14)",
                "diff": null
              },
              "uuid": "3decc57a-9ecd-453f-aa97-46efc65e8e7b",
              "parentUUID": "000df493-0f80-4f52-9dd3-9abbf4be40d0",
              "isHook": false,
              "skipped": false
            }
          ],
          "suites": [],
          "passes": [],
          "failures": [
            "a4b4dc30-5404-4df6-ad39-a1f8b8cbd0d8",
            "26daa628-e43c-4c1e-9683-cb14b1284dbe",
            "3decc57a-9ecd-453f-aa97-46efc65e8e7b"
          ],
          "pending": [],
          "skipped": [],
          "duration": 14295,
          "root": false,
          "rootEmpty": false,
          "_timeout": 2000
        },
        {
          "uuid": "1c875578-9050-4da4-9da0-8a6b24577e34",
          "title": "12 - Faça com que as cores da paleta sejam geradas aleatoriamente ao carregar a página.",
          "fullFile": "",
          "file": "",
          "beforeHooks": [],
          "afterHooks": [],
          "tests": [
            {
              "title": "Verifica se as cores geradas na paleta são diferentes a cada carregamento da página",
              "fullTitle": "12 - Faça com que as cores da paleta sejam geradas aleatoriamente ao carregar a página. Verifica se as cores geradas na paleta são diferentes a cada carregamento da página",
              "timedOut": null,
              "duration": 793,
              "state": "failed",
              "speed": null,
              "pass": false,
              "fail": true,
              "pending": false,
              "context": null,
              "code": "cy.get('.color').then(function (colors) {\n  var currentColors;\n  var previousColors;\n  previousColors = Array.from(colors).map(function (color) {\n    return Cypress.$(color).css('background-color');\n  });\n  for (var i = 0; i < 5; i += 1) {\n    cy.reload();\n    cy.get('.color').then(function (colors) {\n      currentColors = Array.from(colors).map(function (color) {\n        return Cypress.$(color).css('background-color');\n      });\n      expect(currentColors).not.to.deep.equal(previousColors);\n      previousColors = currentColors;\n    });\n  }\n});",
              "err": {
                "message": "AssertionError: expected [ Array(4) ] to not deeply equal [ Array(4) ]",
                "estack": "AssertionError: expected [ Array(4) ] to not deeply equal [ Array(4) ]\n    at getRet (http://localhost:33109/__cypress/runner/cypress_runner.js:136585:16)\n    at tryCatcher (http://localhost:33109/__cypress/runner/cypress_runner.js:167415:23)\n    at Function.Promise.attempt.Promise.try (http://localhost:33109/__cypress/runner/cypress_runner.js:164690:29)\n    at Context.thenFn (http://localhost:33109/__cypress/runner/cypress_runner.js:136599:23)\n    at Context.then (http://localhost:33109/__cypress/runner/cypress_runner.js:136971:21)\n    at Context.<anonymous> (http://localhost:33109/__cypress/runner/cypress_runner.js:148875:21)\n    at http://localhost:33109/__cypress/runner/cypress_runner.js:148351:33\n    at tryCatcher (http://localhost:33109/__cypress/runner/cypress_runner.js:167415:23)\n    at Promise._settlePromiseFromHandler (http://localhost:33109/__cypress/runner/cypress_runner.js:165351:31)\n    at Promise._settlePromise (http://localhost:33109/__cypress/runner/cypress_runner.js:165408:18)\n    at Promise._settlePromiseCtx (http://localhost:33109/__cypress/runner/cypress_runner.js:165445:10)\n    at Async../node_modules/bluebird/js/release/async.js.Async._drainQueue (http://localhost:33109/__cypress/runner/cypress_runner.js:162145:12)\n    at Async../node_modules/bluebird/js/release/async.js.Async._drainQueues (http://localhost:33109/__cypress/runner/cypress_runner.js:162150:10)\n    at Async.drainQueues (http://localhost:33109/__cypress/runner/cypress_runner.js:162024:14)",
                "diff": ""
              },
              "uuid": "2ee3ee3b-0cc8-498f-8539-90014be8816e",
              "parentUUID": "1c875578-9050-4da4-9da0-8a6b24577e34",
              "isHook": false,
              "skipped": false
            },
            {
              "title": "Verifica se a cor preta ainda está presente e é a primeira na sua paleta de cores",
              "fullTitle": "12 - Faça com que as cores da paleta sejam geradas aleatoriamente ao carregar a página. Verifica se a cor preta ainda está presente e é a primeira na sua paleta de cores",
              "timedOut": null,
              "duration": 802,
              "state": "failed",
              "speed": null,
              "pass": false,
              "fail": true,
              "pending": false,
              "context": null,
              "code": "cy.get('.color').then(function (colors) {\n  var currentColors;\n  var previousColors;\n  previousColors = Array.from(colors).map(function (color) {\n    return Cypress.$(color).css('background-color');\n  });\n  expect(previousColors[0]).to.eq(BLACK);\n  for (var i = 0; i < 5; i += 1) {\n    cy.reload();\n    cy.get('.color').then(function (colors) {\n      currentColors = Array.from(colors).map(function (color) {\n        return Cypress.$(color).css('background-color');\n      });\n      expect(currentColors[0]).to.eq(BLACK);\n      expect(currentColors).not.to.deep.equal(previousColors);\n      previousColors = currentColors;\n    });\n  }\n});",
              "err": {
                "message": "AssertionError: expected [ Array(4) ] to not deeply equal [ Array(4) ]",
                "estack": "AssertionError: expected [ Array(4) ] to not deeply equal [ Array(4) ]\n    at getRet (http://localhost:33109/__cypress/runner/cypress_runner.js:136585:16)\n    at tryCatcher (http://localhost:33109/__cypress/runner/cypress_runner.js:167415:23)\n    at Function.Promise.attempt.Promise.try (http://localhost:33109/__cypress/runner/cypress_runner.js:164690:29)\n    at Context.thenFn (http://localhost:33109/__cypress/runner/cypress_runner.js:136599:23)\n    at Context.then (http://localhost:33109/__cypress/runner/cypress_runner.js:136971:21)\n    at Context.<anonymous> (http://localhost:33109/__cypress/runner/cypress_runner.js:148875:21)\n    at http://localhost:33109/__cypress/runner/cypress_runner.js:148351:33\n    at tryCatcher (http://localhost:33109/__cypress/runner/cypress_runner.js:167415:23)\n    at Promise._settlePromiseFromHandler (http://localhost:33109/__cypress/runner/cypress_runner.js:165351:31)\n    at Promise._settlePromise (http://localhost:33109/__cypress/runner/cypress_runner.js:165408:18)\n    at Promise._settlePromiseCtx (http://localhost:33109/__cypress/runner/cypress_runner.js:165445:10)\n    at Async../node_modules/bluebird/js/release/async.js.Async._drainQueue (http://localhost:33109/__cypress/runner/cypress_runner.js:162145:12)\n    at Async../node_modules/bluebird/js/release/async.js.Async._drainQueues (http://localhost:33109/__cypress/runner/cypress_runner.js:162150:10)\n    at Async.drainQueues (http://localhost:33109/__cypress/runner/cypress_runner.js:162024:14)",
                "diff": ""
              },
              "uuid": "f5759eac-309c-449d-8764-c04cd0fcfdc5",
              "parentUUID": "1c875578-9050-4da4-9da0-8a6b24577e34",
              "isHook": false,
              "skipped": false
            }
          ],
          "suites": [],
          "passes": [],
          "failures": [
            "2ee3ee3b-0cc8-498f-8539-90014be8816e",
            "f5759eac-309c-449d-8764-c04cd0fcfdc5"
          ],
          "pending": [],
          "skipped": [],
          "duration": 1595,
          "root": false,
          "rootEmpty": false,
          "_timeout": 2000
        }
      ],
      "passes": [],
      "failures": [],
      "pending": [],
      "skipped": [],
      "duration": 0,
      "root": true,
      "rootEmpty": true,
      "_timeout": 2000
    }
  ],
  "meta": {
    "mocha": {
      "version": "7.0.1"
    },
    "mochawesome": {
      "options": {
        "quiet": false,
        "reportFilename": "mochawesome",
        "saveHtml": false,
        "saveJson": true,
        "consoleReporter": "spec",
        "useInlineDiffs": false
      },
      "version": "4.1.0"
    },
    "marge": {
      "options": {
        "id": "default",
        "reportDir": "cypress/reports",
        "overwrite": true,
        "html": false,
        "json": true
      },
      "version": "4.1.0"
    }
  }
}